2025-06-26 14:47:38 [main] INFO  c.k.t.ThebridgehubApplication - Starting ThebridgehubApplication using Java 17.0.15 with PID 17220 (C:\Users\minwo\Desktop\중간프로젝트\build\classes\java\main started by minwo in C:\Users\minwo\Desktop\중간프로젝트)
2025-06-26 14:47:38 [main] DEBUG c.k.t.ThebridgehubApplication - Running with Spring Boot v3.5.0, Spring v6.2.7
2025-06-26 14:47:38 [main] INFO  c.k.t.ThebridgehubApplication - No active profile set, falling back to 1 default profile: "default"
2025-06-26 14:47:40 [main] DEBUG o.m.s.b.a.MybatisAutoConfiguration - Searching for mappers annotated with @Mapper
2025-06-26 14:47:40 [main] DEBUG o.m.s.b.a.MybatisAutoConfiguration - Using auto-configuration base package 'com.koreait.thebridgehub'
2025-06-26 14:47:40 [main] DEBUG o.m.s.mapper.ClassPathMapperScanner - Identified candidate component class: file [C:\Users\minwo\Desktop\중간프로젝트\build\classes\java\main\com\koreait\thebridgehub\dao\ChatRoomDao.class]
2025-06-26 14:47:40 [main] DEBUG o.m.s.mapper.ClassPathMapperScanner - Identified candidate component class: file [C:\Users\minwo\Desktop\중간프로젝트\build\classes\java\main\com\koreait\thebridgehub\dao\ChatRoomMemberDao.class]
2025-06-26 14:47:40 [main] DEBUG o.m.s.mapper.ClassPathMapperScanner - Identified candidate component class: file [C:\Users\minwo\Desktop\중간프로젝트\build\classes\java\main\com\koreait\thebridgehub\dao\FileDao.class]
2025-06-26 14:47:40 [main] DEBUG o.m.s.mapper.ClassPathMapperScanner - Identified candidate component class: file [C:\Users\minwo\Desktop\중간프로젝트\build\classes\java\main\com\koreait\thebridgehub\dao\MemberDao.class]
2025-06-26 14:47:40 [main] DEBUG o.m.s.mapper.ClassPathMapperScanner - Identified candidate component class: file [C:\Users\minwo\Desktop\중간프로젝트\build\classes\java\main\com\koreait\thebridgehub\dao\MessageDao.class]
2025-06-26 14:47:40 [main] DEBUG o.m.s.mapper.ClassPathMapperScanner - Identified candidate component class: file [C:\Users\minwo\Desktop\중간프로젝트\build\classes\java\main\com\koreait\thebridgehub\dao\ReportDao.class]
2025-06-26 14:47:40 [main] DEBUG o.m.s.mapper.ClassPathMapperScanner - Identified candidate component class: file [C:\Users\minwo\Desktop\중간프로젝트\build\classes\java\main\com\koreait\thebridgehub\dao\StudyRoomDao.class]
2025-06-26 14:47:40 [main] DEBUG o.m.s.mapper.ClassPathMapperScanner - Identified candidate component class: file [C:\Users\minwo\Desktop\중간프로젝트\build\classes\java\main\com\koreait\thebridgehub\dao\StudyRoomMemberDao.class]
2025-06-26 14:47:40 [main] DEBUG o.m.s.mapper.ClassPathMapperScanner - Creating MapperFactoryBean with name 'chatRoomDao' and 'com.koreait.thebridgehub.dao.ChatRoomDao' mapperInterface
2025-06-26 14:47:40 [main] DEBUG o.m.s.mapper.ClassPathMapperScanner - Creating MapperFactoryBean with name 'chatRoomMemberDao' and 'com.koreait.thebridgehub.dao.ChatRoomMemberDao' mapperInterface
2025-06-26 14:47:40 [main] DEBUG o.m.s.mapper.ClassPathMapperScanner - Creating MapperFactoryBean with name 'fileDao' and 'com.koreait.thebridgehub.dao.FileDao' mapperInterface
2025-06-26 14:47:40 [main] DEBUG o.m.s.mapper.ClassPathMapperScanner - Creating MapperFactoryBean with name 'memberDao' and 'com.koreait.thebridgehub.dao.MemberDao' mapperInterface
2025-06-26 14:47:40 [main] DEBUG o.m.s.mapper.ClassPathMapperScanner - Creating MapperFactoryBean with name 'messageDao' and 'com.koreait.thebridgehub.dao.MessageDao' mapperInterface
2025-06-26 14:47:40 [main] DEBUG o.m.s.mapper.ClassPathMapperScanner - Creating MapperFactoryBean with name 'reportDao' and 'com.koreait.thebridgehub.dao.ReportDao' mapperInterface
2025-06-26 14:47:40 [main] DEBUG o.m.s.mapper.ClassPathMapperScanner - Creating MapperFactoryBean with name 'studyRoomDao' and 'com.koreait.thebridgehub.dao.StudyRoomDao' mapperInterface
2025-06-26 14:47:40 [main] DEBUG o.m.s.mapper.ClassPathMapperScanner - Creating MapperFactoryBean with name 'studyRoomMemberDao' and 'com.koreait.thebridgehub.dao.StudyRoomMemberDao' mapperInterface
2025-06-26 14:47:41 [main] INFO  o.s.b.w.e.tomcat.TomcatWebServer - Tomcat initialized with port 7100 (http)
2025-06-26 14:47:41 [main] INFO  o.a.catalina.core.StandardService - Starting service [Tomcat]
2025-06-26 14:47:41 [main] INFO  o.a.catalina.core.StandardEngine - Starting Servlet engine: [Apache Tomcat/10.1.41]
2025-06-26 14:47:41 [main] INFO  o.a.c.c.C.[Tomcat].[localhost].[/] - Initializing Spring embedded WebApplicationContext
2025-06-26 14:47:41 [main] INFO  o.s.b.w.s.c.ServletWebServerApplicationContext - Root WebApplicationContext: initialization completed in 2640 ms
2025-06-26 14:47:41 [main] DEBUG o.m.spring.SqlSessionFactoryBean - Parsed mapper file: 'file [C:\Users\minwo\Desktop\중간프로젝트\build\resources\main\mapper\ChatRoomMapper.xml]'
2025-06-26 14:47:41 [main] DEBUG o.m.spring.SqlSessionFactoryBean - Parsed mapper file: 'file [C:\Users\minwo\Desktop\중간프로젝트\build\resources\main\mapper\ChatRoomMemberMapper.xml]'
2025-06-26 14:47:41 [main] DEBUG o.m.spring.SqlSessionFactoryBean - Parsed mapper file: 'file [C:\Users\minwo\Desktop\중간프로젝트\build\resources\main\mapper\FileMapper.xml]'
2025-06-26 14:47:41 [main] DEBUG o.m.spring.SqlSessionFactoryBean - Parsed mapper file: 'file [C:\Users\minwo\Desktop\중간프로젝트\build\resources\main\mapper\MemberMapper.xml]'
2025-06-26 14:47:41 [main] DEBUG o.m.spring.SqlSessionFactoryBean - Parsed mapper file: 'file [C:\Users\minwo\Desktop\중간프로젝트\build\resources\main\mapper\MessageMapper.xml]'
2025-06-26 14:47:41 [main] DEBUG o.m.spring.SqlSessionFactoryBean - Parsed mapper file: 'file [C:\Users\minwo\Desktop\중간프로젝트\build\resources\main\mapper\ReportMapper.xml]'
2025-06-26 14:47:41 [main] DEBUG o.m.spring.SqlSessionFactoryBean - Parsed mapper file: 'file [C:\Users\minwo\Desktop\중간프로젝트\build\resources\main\mapper\StudyRoomMapper.xml]'
2025-06-26 14:47:41 [main] DEBUG o.m.spring.SqlSessionFactoryBean - Parsed mapper file: 'file [C:\Users\minwo\Desktop\중간프로젝트\build\resources\main\mapper\StudyRoomMemberMapper.xml]'
2025-06-26 14:47:42 [main] DEBUG c.k.t.s.JwtAuthenticationFilter - Filter 'jwtAuthenticationFilter' configured for use
2025-06-26 14:47:42 [main] DEBUG c.k.t.security.LoginFilter - Filter 'loginFilter' configured for use
2025-06-26 14:47:42 [main] INFO  o.s.s.c.a.a.c.InitializeUserDetailsBeanManagerConfigurer$InitializeUserDetailsManagerConfigurer - Global AuthenticationManager configured with UserDetailsService bean with name customUserDetailsService
2025-06-26 14:47:42 [main] DEBUG o.s.s.web.DefaultSecurityFilterChain - Will secure any request with filters: DisableEncodeUrlFilter, WebAsyncManagerIntegrationFilter, SecurityContextHolderFilter, HeaderWriterFilter, CorsFilter, LogoutFilter, , JwtAuthenticationFilter, RequestCacheAwareFilter, SecurityContextHolderAwareRequestFilter, AnonymousAuthenticationFilter, SessionManagementFilter, ExceptionTranslationFilter, AuthorizationFilter
2025-06-26 14:47:43 [main] DEBUG o.m.s.b.a.MybatisAutoConfiguration - Not found configuration for registering mapper bean using @MapperScan, MapperFactoryBean and MapperScannerConfigurer.
2025-06-26 14:47:43 [main] INFO  o.s.b.w.e.tomcat.TomcatWebServer - Tomcat started on port 7100 (http) with context path '/'
2025-06-26 14:47:43 [main] INFO  c.k.t.ThebridgehubApplication - Started ThebridgehubApplication in 5.959 seconds (process running for 11.458)
2025-06-26 14:48:00 [scheduling-1] INFO  c.k.t.config.SchedulerConfig - Starting cleanup of old temp messages - 1 days ago
2025-06-26 14:48:00 [scheduling-1] INFO  com.zaxxer.hikari.HikariDataSource - HikariPool-1 - Starting...
2025-06-26 14:48:00 [scheduling-1] INFO  com.zaxxer.hikari.pool.HikariPool - HikariPool-1 - Added connection com.mysql.cj.jdbc.ConnectionImpl@401a3fc5
2025-06-26 14:48:00 [scheduling-1] INFO  com.zaxxer.hikari.HikariDataSource - HikariPool-1 - Start completed.
2025-06-26 14:48:00 [scheduling-1] INFO  c.k.t.s.Impl.ChatLogServiceImpl - 1일 이전의 임시 메시지 0 개 정리 완료
2025-06-26 14:48:00 [scheduling-1] INFO  c.k.t.config.SchedulerConfig - Cleanup of old temp messages completed
2025-06-26 14:48:01 [SpringApplicationShutdownHook] INFO  o.s.b.w.e.tomcat.GracefulShutdown - Commencing graceful shutdown. Waiting for active requests to complete
2025-06-26 14:48:02 [tomcat-shutdown] INFO  o.s.b.w.e.tomcat.GracefulShutdown - Graceful shutdown complete
2025-06-26 14:48:02 [SpringApplicationShutdownHook] INFO  com.zaxxer.hikari.HikariDataSource - HikariPool-1 - Shutdown initiated...
2025-06-26 14:48:02 [SpringApplicationShutdownHook] INFO  com.zaxxer.hikari.HikariDataSource - HikariPool-1 - Shutdown completed.
2025-06-26 14:48:12 [main] INFO  c.k.t.ThebridgehubApplication - Starting ThebridgehubApplication using Java 17.0.15 with PID 21808 (C:\Users\minwo\Desktop\중간프로젝트\build\classes\java\main started by minwo in C:\Users\minwo\Desktop\중간프로젝트)
2025-06-26 14:48:12 [main] DEBUG c.k.t.ThebridgehubApplication - Running with Spring Boot v3.5.0, Spring v6.2.7
2025-06-26 14:48:12 [main] INFO  c.k.t.ThebridgehubApplication - No active profile set, falling back to 1 default profile: "default"
2025-06-26 14:48:14 [main] DEBUG o.m.s.b.a.MybatisAutoConfiguration - Searching for mappers annotated with @Mapper
2025-06-26 14:48:14 [main] DEBUG o.m.s.b.a.MybatisAutoConfiguration - Using auto-configuration base package 'com.koreait.thebridgehub'
2025-06-26 14:48:14 [main] DEBUG o.m.s.mapper.ClassPathMapperScanner - Identified candidate component class: file [C:\Users\minwo\Desktop\중간프로젝트\build\classes\java\main\com\koreait\thebridgehub\dao\ChatRoomDao.class]
2025-06-26 14:48:14 [main] DEBUG o.m.s.mapper.ClassPathMapperScanner - Identified candidate component class: file [C:\Users\minwo\Desktop\중간프로젝트\build\classes\java\main\com\koreait\thebridgehub\dao\ChatRoomMemberDao.class]
2025-06-26 14:48:14 [main] DEBUG o.m.s.mapper.ClassPathMapperScanner - Identified candidate component class: file [C:\Users\minwo\Desktop\중간프로젝트\build\classes\java\main\com\koreait\thebridgehub\dao\FileDao.class]
2025-06-26 14:48:14 [main] DEBUG o.m.s.mapper.ClassPathMapperScanner - Identified candidate component class: file [C:\Users\minwo\Desktop\중간프로젝트\build\classes\java\main\com\koreait\thebridgehub\dao\MemberDao.class]
2025-06-26 14:48:14 [main] DEBUG o.m.s.mapper.ClassPathMapperScanner - Identified candidate component class: file [C:\Users\minwo\Desktop\중간프로젝트\build\classes\java\main\com\koreait\thebridgehub\dao\MessageDao.class]
2025-06-26 14:48:14 [main] DEBUG o.m.s.mapper.ClassPathMapperScanner - Identified candidate component class: file [C:\Users\minwo\Desktop\중간프로젝트\build\classes\java\main\com\koreait\thebridgehub\dao\ReportDao.class]
2025-06-26 14:48:14 [main] DEBUG o.m.s.mapper.ClassPathMapperScanner - Identified candidate component class: file [C:\Users\minwo\Desktop\중간프로젝트\build\classes\java\main\com\koreait\thebridgehub\dao\StudyRoomDao.class]
2025-06-26 14:48:14 [main] DEBUG o.m.s.mapper.ClassPathMapperScanner - Identified candidate component class: file [C:\Users\minwo\Desktop\중간프로젝트\build\classes\java\main\com\koreait\thebridgehub\dao\StudyRoomMemberDao.class]
2025-06-26 14:48:14 [main] DEBUG o.m.s.mapper.ClassPathMapperScanner - Creating MapperFactoryBean with name 'chatRoomDao' and 'com.koreait.thebridgehub.dao.ChatRoomDao' mapperInterface
2025-06-26 14:48:14 [main] DEBUG o.m.s.mapper.ClassPathMapperScanner - Creating MapperFactoryBean with name 'chatRoomMemberDao' and 'com.koreait.thebridgehub.dao.ChatRoomMemberDao' mapperInterface
2025-06-26 14:48:14 [main] DEBUG o.m.s.mapper.ClassPathMapperScanner - Creating MapperFactoryBean with name 'fileDao' and 'com.koreait.thebridgehub.dao.FileDao' mapperInterface
2025-06-26 14:48:14 [main] DEBUG o.m.s.mapper.ClassPathMapperScanner - Creating MapperFactoryBean with name 'memberDao' and 'com.koreait.thebridgehub.dao.MemberDao' mapperInterface
2025-06-26 14:48:14 [main] DEBUG o.m.s.mapper.ClassPathMapperScanner - Creating MapperFactoryBean with name 'messageDao' and 'com.koreait.thebridgehub.dao.MessageDao' mapperInterface
2025-06-26 14:48:14 [main] DEBUG o.m.s.mapper.ClassPathMapperScanner - Creating MapperFactoryBean with name 'reportDao' and 'com.koreait.thebridgehub.dao.ReportDao' mapperInterface
2025-06-26 14:48:14 [main] DEBUG o.m.s.mapper.ClassPathMapperScanner - Creating MapperFactoryBean with name 'studyRoomDao' and 'com.koreait.thebridgehub.dao.StudyRoomDao' mapperInterface
2025-06-26 14:48:14 [main] DEBUG o.m.s.mapper.ClassPathMapperScanner - Creating MapperFactoryBean with name 'studyRoomMemberDao' and 'com.koreait.thebridgehub.dao.StudyRoomMemberDao' mapperInterface
2025-06-26 14:48:15 [main] INFO  o.s.b.w.e.tomcat.TomcatWebServer - Tomcat initialized with port 7100 (http)
2025-06-26 14:48:15 [main] INFO  o.a.catalina.core.StandardService - Starting service [Tomcat]
2025-06-26 14:48:15 [main] INFO  o.a.catalina.core.StandardEngine - Starting Servlet engine: [Apache Tomcat/10.1.41]
2025-06-26 14:48:15 [main] INFO  o.a.c.c.C.[Tomcat].[localhost].[/] - Initializing Spring embedded WebApplicationContext
2025-06-26 14:48:15 [main] INFO  o.s.b.w.s.c.ServletWebServerApplicationContext - Root WebApplicationContext: initialization completed in 2437 ms
2025-06-26 14:48:15 [main] DEBUG o.m.spring.SqlSessionFactoryBean - Parsed mapper file: 'file [C:\Users\minwo\Desktop\중간프로젝트\build\resources\main\mapper\ChatRoomMapper.xml]'
2025-06-26 14:48:15 [main] DEBUG o.m.spring.SqlSessionFactoryBean - Parsed mapper file: 'file [C:\Users\minwo\Desktop\중간프로젝트\build\resources\main\mapper\ChatRoomMemberMapper.xml]'
2025-06-26 14:48:15 [main] DEBUG o.m.spring.SqlSessionFactoryBean - Parsed mapper file: 'file [C:\Users\minwo\Desktop\중간프로젝트\build\resources\main\mapper\FileMapper.xml]'
2025-06-26 14:48:15 [main] DEBUG o.m.spring.SqlSessionFactoryBean - Parsed mapper file: 'file [C:\Users\minwo\Desktop\중간프로젝트\build\resources\main\mapper\MemberMapper.xml]'
2025-06-26 14:48:15 [main] DEBUG o.m.spring.SqlSessionFactoryBean - Parsed mapper file: 'file [C:\Users\minwo\Desktop\중간프로젝트\build\resources\main\mapper\MessageMapper.xml]'
2025-06-26 14:48:15 [main] DEBUG o.m.spring.SqlSessionFactoryBean - Parsed mapper file: 'file [C:\Users\minwo\Desktop\중간프로젝트\build\resources\main\mapper\ReportMapper.xml]'
2025-06-26 14:48:15 [main] DEBUG o.m.spring.SqlSessionFactoryBean - Parsed mapper file: 'file [C:\Users\minwo\Desktop\중간프로젝트\build\resources\main\mapper\StudyRoomMapper.xml]'
2025-06-26 14:48:15 [main] DEBUG o.m.spring.SqlSessionFactoryBean - Parsed mapper file: 'file [C:\Users\minwo\Desktop\중간프로젝트\build\resources\main\mapper\StudyRoomMemberMapper.xml]'
2025-06-26 14:48:15 [main] DEBUG c.k.t.s.JwtAuthenticationFilter - Filter 'jwtAuthenticationFilter' configured for use
2025-06-26 14:48:15 [main] DEBUG c.k.t.security.LoginFilter - Filter 'loginFilter' configured for use
2025-06-26 14:48:16 [main] INFO  o.s.s.c.a.a.c.InitializeUserDetailsBeanManagerConfigurer$InitializeUserDetailsManagerConfigurer - Global AuthenticationManager configured with UserDetailsService bean with name customUserDetailsService
2025-06-26 14:48:16 [main] DEBUG o.s.s.web.DefaultSecurityFilterChain - Will secure any request with filters: DisableEncodeUrlFilter, WebAsyncManagerIntegrationFilter, SecurityContextHolderFilter, HeaderWriterFilter, CorsFilter, LogoutFilter, , JwtAuthenticationFilter, RequestCacheAwareFilter, SecurityContextHolderAwareRequestFilter, AnonymousAuthenticationFilter, SessionManagementFilter, ExceptionTranslationFilter, AuthorizationFilter
2025-06-26 14:48:16 [main] DEBUG o.m.s.b.a.MybatisAutoConfiguration - Not found configuration for registering mapper bean using @MapperScan, MapperFactoryBean and MapperScannerConfigurer.
2025-06-26 14:48:17 [main] INFO  o.s.b.w.e.tomcat.TomcatWebServer - Tomcat started on port 7100 (http) with context path '/'
2025-06-26 14:48:17 [main] INFO  c.k.t.ThebridgehubApplication - Started ThebridgehubApplication in 5.557 seconds (process running for 7.556)
2025-06-26 14:49:00 [scheduling-1] INFO  c.k.t.config.SchedulerConfig - Starting cleanup of old temp messages - 1 days ago
2025-06-26 14:49:00 [scheduling-1] INFO  com.zaxxer.hikari.HikariDataSource - HikariPool-1 - Starting...
2025-06-26 14:49:00 [scheduling-1] INFO  com.zaxxer.hikari.pool.HikariPool - HikariPool-1 - Added connection com.mysql.cj.jdbc.ConnectionImpl@5c3e1212
2025-06-26 14:49:00 [scheduling-1] INFO  com.zaxxer.hikari.HikariDataSource - HikariPool-1 - Start completed.
2025-06-26 14:49:01 [scheduling-1] INFO  c.k.t.s.Impl.ChatLogServiceImpl - 1일 이전의 임시 메시지 0 개 정리 완료
2025-06-26 14:49:01 [scheduling-1] INFO  c.k.t.config.SchedulerConfig - Cleanup of old temp messages completed
2025-06-26 14:50:00 [scheduling-1] INFO  c.k.t.config.SchedulerConfig - Starting cleanup of old temp messages - 1 days ago
2025-06-26 14:50:00 [scheduling-1] INFO  c.k.t.s.Impl.ChatLogServiceImpl - 1일 이전의 임시 메시지 0 개 정리 완료
2025-06-26 14:50:00 [scheduling-1] INFO  c.k.t.config.SchedulerConfig - Cleanup of old temp messages completed
2025-06-26 14:51:00 [scheduling-1] INFO  c.k.t.config.SchedulerConfig - Starting cleanup of old temp messages - 1 days ago
2025-06-26 14:51:00 [scheduling-1] INFO  c.k.t.s.Impl.ChatLogServiceImpl - 1일 이전의 임시 메시지 0 개 정리 완료
2025-06-26 14:51:00 [scheduling-1] INFO  c.k.t.config.SchedulerConfig - Cleanup of old temp messages completed
2025-06-26 14:52:00 [scheduling-1] INFO  c.k.t.config.SchedulerConfig - Starting cleanup of old temp messages - 1 days ago
2025-06-26 14:52:00 [scheduling-1] INFO  c.k.t.s.Impl.ChatLogServiceImpl - 1일 이전의 임시 메시지 0 개 정리 완료
2025-06-26 14:52:00 [scheduling-1] INFO  c.k.t.config.SchedulerConfig - Cleanup of old temp messages completed
2025-06-26 14:53:00 [scheduling-1] INFO  c.k.t.config.SchedulerConfig - Starting cleanup of old temp messages - 1 days ago
2025-06-26 14:53:00 [scheduling-1] INFO  c.k.t.s.Impl.ChatLogServiceImpl - 1일 이전의 임시 메시지 0 개 정리 완료
2025-06-26 14:53:00 [scheduling-1] INFO  c.k.t.config.SchedulerConfig - Cleanup of old temp messages completed
2025-06-26 14:54:00 [scheduling-1] INFO  c.k.t.config.SchedulerConfig - Starting cleanup of old temp messages - 1 days ago
2025-06-26 14:54:00 [scheduling-1] INFO  c.k.t.s.Impl.ChatLogServiceImpl - 1일 이전의 임시 메시지 0 개 정리 완료
2025-06-26 14:54:00 [scheduling-1] INFO  c.k.t.config.SchedulerConfig - Cleanup of old temp messages completed
2025-06-26 14:54:42 [http-nio-7100-exec-1] INFO  o.a.c.c.C.[Tomcat].[localhost].[/] - Initializing Spring DispatcherServlet 'dispatcherServlet'
2025-06-26 14:54:42 [http-nio-7100-exec-1] INFO  o.s.web.servlet.DispatcherServlet - Initializing Servlet 'dispatcherServlet'
2025-06-26 14:54:42 [http-nio-7100-exec-1] INFO  o.s.web.servlet.DispatcherServlet - Completed initialization in 2 ms
2025-06-26 14:54:42 [http-nio-7100-exec-2] DEBUG o.s.security.web.FilterChainProxy - Securing GET /api/admin/users?page=0&size=100
2025-06-26 14:54:42 [http-nio-7100-exec-1] DEBUG o.s.security.web.FilterChainProxy - Securing GET /api/admin/users?page=0&size=100
2025-06-26 14:54:42 [http-nio-7100-exec-1] DEBUG o.s.s.w.a.AnonymousAuthenticationFilter - Set SecurityContextHolder to anonymous SecurityContext
2025-06-26 14:54:42 [http-nio-7100-exec-2] DEBUG o.s.s.w.a.AnonymousAuthenticationFilter - Set SecurityContextHolder to anonymous SecurityContext
2025-06-26 14:54:42 [http-nio-7100-exec-2] DEBUG o.s.s.w.s.SessionManagementFilter - Request requested invalid session id A6C5E9F4B84389C88BAC6A7624326C82
2025-06-26 14:54:42 [http-nio-7100-exec-1] DEBUG o.s.s.w.s.SessionManagementFilter - Request requested invalid session id A6C5E9F4B84389C88BAC6A7624326C82
2025-06-26 14:54:42 [http-nio-7100-exec-2] DEBUG o.s.security.web.FilterChainProxy - Secured GET /api/admin/users?page=0&size=100
2025-06-26 14:54:42 [http-nio-7100-exec-1] DEBUG o.s.security.web.FilterChainProxy - Secured GET /api/admin/users?page=0&size=100
2025-06-26 14:54:43 [http-nio-7100-exec-4] DEBUG o.s.security.web.FilterChainProxy - Securing GET /api/admin/users?page=0&size=100
2025-06-26 14:54:43 [http-nio-7100-exec-4] DEBUG o.s.s.w.a.AnonymousAuthenticationFilter - Set SecurityContextHolder to anonymous SecurityContext
2025-06-26 14:54:43 [http-nio-7100-exec-4] DEBUG o.s.s.w.s.SessionManagementFilter - Request requested invalid session id A6C5E9F4B84389C88BAC6A7624326C82
2025-06-26 14:54:43 [http-nio-7100-exec-4] DEBUG o.s.security.web.FilterChainProxy - Secured GET /api/admin/users?page=0&size=100
2025-06-26 14:54:45 [http-nio-7100-exec-3] DEBUG o.s.security.web.FilterChainProxy - Securing GET /api/admin/reports?page=0&size=100
2025-06-26 14:54:45 [http-nio-7100-exec-3] DEBUG o.s.s.w.a.AnonymousAuthenticationFilter - Set SecurityContextHolder to anonymous SecurityContext
2025-06-26 14:54:45 [http-nio-7100-exec-3] DEBUG o.s.s.w.s.SessionManagementFilter - Request requested invalid session id A6C5E9F4B84389C88BAC6A7624326C82
2025-06-26 14:54:45 [http-nio-7100-exec-3] DEBUG o.s.security.web.FilterChainProxy - Secured GET /api/admin/reports?page=0&size=100
2025-06-26 14:54:45 [http-nio-7100-exec-5] DEBUG o.s.security.web.FilterChainProxy - Securing GET /api/admin/reports?page=0&size=100
2025-06-26 14:54:45 [http-nio-7100-exec-5] DEBUG o.s.s.w.a.AnonymousAuthenticationFilter - Set SecurityContextHolder to anonymous SecurityContext
2025-06-26 14:54:45 [http-nio-7100-exec-5] DEBUG o.s.s.w.s.SessionManagementFilter - Request requested invalid session id A6C5E9F4B84389C88BAC6A7624326C82
2025-06-26 14:54:45 [http-nio-7100-exec-5] DEBUG o.s.security.web.FilterChainProxy - Secured GET /api/admin/reports?page=0&size=100
2025-06-26 14:55:00 [scheduling-1] INFO  c.k.t.config.SchedulerConfig - Starting cleanup of old temp messages - 1 days ago
2025-06-26 14:55:00 [scheduling-1] INFO  c.k.t.s.Impl.ChatLogServiceImpl - 1일 이전의 임시 메시지 0 개 정리 완료
2025-06-26 14:55:00 [scheduling-1] INFO  c.k.t.config.SchedulerConfig - Cleanup of old temp messages completed
2025-06-26 14:55:29 [http-nio-7100-exec-6] DEBUG o.s.security.web.FilterChainProxy - Securing GET /api/admin/users?page=0&size=100
2025-06-26 14:55:29 [http-nio-7100-exec-6] DEBUG o.s.s.w.a.AnonymousAuthenticationFilter - Set SecurityContextHolder to anonymous SecurityContext
2025-06-26 14:55:29 [http-nio-7100-exec-6] DEBUG o.s.s.w.s.SessionManagementFilter - Request requested invalid session id A6C5E9F4B84389C88BAC6A7624326C82
2025-06-26 14:55:29 [http-nio-7100-exec-6] DEBUG o.s.security.web.FilterChainProxy - Secured GET /api/admin/users?page=0&size=100
2025-06-26 14:55:29 [http-nio-7100-exec-7] DEBUG o.s.security.web.FilterChainProxy - Securing GET /api/admin/users?page=0&size=100
2025-06-26 14:55:29 [http-nio-7100-exec-7] DEBUG o.s.s.w.a.AnonymousAuthenticationFilter - Set SecurityContextHolder to anonymous SecurityContext
2025-06-26 14:55:29 [http-nio-7100-exec-7] DEBUG o.s.s.w.s.SessionManagementFilter - Request requested invalid session id A6C5E9F4B84389C88BAC6A7624326C82
2025-06-26 14:55:29 [http-nio-7100-exec-7] DEBUG o.s.security.web.FilterChainProxy - Secured GET /api/admin/users?page=0&size=100
2025-06-26 14:55:33 [http-nio-7100-exec-8] DEBUG o.s.security.web.FilterChainProxy - Securing GET /api/admin/reports?page=0&size=100
2025-06-26 14:55:33 [http-nio-7100-exec-8] DEBUG o.s.s.w.a.AnonymousAuthenticationFilter - Set SecurityContextHolder to anonymous SecurityContext
2025-06-26 14:55:33 [http-nio-7100-exec-8] DEBUG o.s.s.w.s.SessionManagementFilter - Request requested invalid session id A6C5E9F4B84389C88BAC6A7624326C82
2025-06-26 14:55:33 [http-nio-7100-exec-8] DEBUG o.s.security.web.FilterChainProxy - Secured GET /api/admin/reports?page=0&size=100
2025-06-26 14:55:33 [http-nio-7100-exec-9] DEBUG o.s.security.web.FilterChainProxy - Securing GET /api/admin/reports?page=0&size=100
2025-06-26 14:55:33 [http-nio-7100-exec-9] DEBUG o.s.s.w.a.AnonymousAuthenticationFilter - Set SecurityContextHolder to anonymous SecurityContext
2025-06-26 14:55:33 [http-nio-7100-exec-9] DEBUG o.s.s.w.s.SessionManagementFilter - Request requested invalid session id A6C5E9F4B84389C88BAC6A7624326C82
2025-06-26 14:55:33 [http-nio-7100-exec-9] DEBUG o.s.security.web.FilterChainProxy - Secured GET /api/admin/reports?page=0&size=100
2025-06-26 14:55:51 [http-nio-7100-exec-10] DEBUG o.s.security.web.FilterChainProxy - Securing GET /api/admin/users?page=0&size=100
2025-06-26 14:55:51 [http-nio-7100-exec-10] DEBUG o.s.s.w.a.AnonymousAuthenticationFilter - Set SecurityContextHolder to anonymous SecurityContext
2025-06-26 14:55:51 [http-nio-7100-exec-10] DEBUG o.s.s.w.s.SessionManagementFilter - Request requested invalid session id A6C5E9F4B84389C88BAC6A7624326C82
2025-06-26 14:55:51 [http-nio-7100-exec-10] DEBUG o.s.security.web.FilterChainProxy - Secured GET /api/admin/users?page=0&size=100
2025-06-26 14:55:51 [http-nio-7100-exec-2] DEBUG o.s.security.web.FilterChainProxy - Securing GET /api/admin/users?page=0&size=100
2025-06-26 14:55:51 [http-nio-7100-exec-2] DEBUG o.s.s.w.a.AnonymousAuthenticationFilter - Set SecurityContextHolder to anonymous SecurityContext
2025-06-26 14:55:51 [http-nio-7100-exec-2] DEBUG o.s.s.w.s.SessionManagementFilter - Request requested invalid session id A6C5E9F4B84389C88BAC6A7624326C82
2025-06-26 14:55:51 [http-nio-7100-exec-2] DEBUG o.s.security.web.FilterChainProxy - Secured GET /api/admin/users?page=0&size=100
2025-06-26 14:55:58 [http-nio-7100-exec-1] DEBUG o.s.security.web.FilterChainProxy - Securing GET /api/admin/reports?page=0&size=100
2025-06-26 14:55:58 [http-nio-7100-exec-1] DEBUG o.s.s.w.a.AnonymousAuthenticationFilter - Set SecurityContextHolder to anonymous SecurityContext
2025-06-26 14:55:58 [http-nio-7100-exec-1] DEBUG o.s.s.w.s.SessionManagementFilter - Request requested invalid session id A6C5E9F4B84389C88BAC6A7624326C82
2025-06-26 14:55:58 [http-nio-7100-exec-1] DEBUG o.s.security.web.FilterChainProxy - Secured GET /api/admin/reports?page=0&size=100
2025-06-26 14:55:58 [http-nio-7100-exec-4] DEBUG o.s.security.web.FilterChainProxy - Securing GET /api/admin/reports?page=0&size=100
2025-06-26 14:55:58 [http-nio-7100-exec-4] DEBUG o.s.s.w.a.AnonymousAuthenticationFilter - Set SecurityContextHolder to anonymous SecurityContext
2025-06-26 14:55:58 [http-nio-7100-exec-4] DEBUG o.s.s.w.s.SessionManagementFilter - Request requested invalid session id A6C5E9F4B84389C88BAC6A7624326C82
2025-06-26 14:55:58 [http-nio-7100-exec-4] DEBUG o.s.security.web.FilterChainProxy - Secured GET /api/admin/reports?page=0&size=100
2025-06-26 14:56:00 [scheduling-1] INFO  c.k.t.config.SchedulerConfig - Starting cleanup of old temp messages - 1 days ago
2025-06-26 14:56:00 [scheduling-1] INFO  c.k.t.s.Impl.ChatLogServiceImpl - 1일 이전의 임시 메시지 0 개 정리 완료
2025-06-26 14:56:00 [scheduling-1] INFO  c.k.t.config.SchedulerConfig - Cleanup of old temp messages completed
2025-06-26 14:57:00 [scheduling-1] INFO  c.k.t.config.SchedulerConfig - Starting cleanup of old temp messages - 1 days ago
2025-06-26 14:57:00 [scheduling-1] INFO  c.k.t.s.Impl.ChatLogServiceImpl - 1일 이전의 임시 메시지 0 개 정리 완료
2025-06-26 14:57:00 [scheduling-1] INFO  c.k.t.config.SchedulerConfig - Cleanup of old temp messages completed
2025-06-26 14:58:00 [scheduling-1] INFO  c.k.t.config.SchedulerConfig - Starting cleanup of old temp messages - 1 days ago
2025-06-26 14:58:00 [scheduling-1] INFO  c.k.t.s.Impl.ChatLogServiceImpl - 1일 이전의 임시 메시지 0 개 정리 완료
2025-06-26 14:58:00 [scheduling-1] INFO  c.k.t.config.SchedulerConfig - Cleanup of old temp messages completed
2025-06-26 14:59:00 [scheduling-1] INFO  c.k.t.config.SchedulerConfig - Starting cleanup of old temp messages - 1 days ago
2025-06-26 14:59:00 [scheduling-1] INFO  c.k.t.s.Impl.ChatLogServiceImpl - 1일 이전의 임시 메시지 0 개 정리 완료
2025-06-26 14:59:00 [scheduling-1] INFO  c.k.t.config.SchedulerConfig - Cleanup of old temp messages completed
2025-06-26 14:59:25 [SpringApplicationShutdownHook] INFO  o.s.b.w.e.tomcat.GracefulShutdown - Commencing graceful shutdown. Waiting for active requests to complete
2025-06-26 14:59:26 [tomcat-shutdown] INFO  o.s.b.w.e.tomcat.GracefulShutdown - Graceful shutdown complete
2025-06-26 14:59:26 [SpringApplicationShutdownHook] INFO  com.zaxxer.hikari.HikariDataSource - HikariPool-1 - Shutdown initiated...
2025-06-26 14:59:26 [SpringApplicationShutdownHook] INFO  com.zaxxer.hikari.HikariDataSource - HikariPool-1 - Shutdown completed.
